// 重构日志: 6ea3efb8
// 重构日志: 5840248e
// 重构日志: d9b8a3a9
// 同步 ID: 1c758b9f @ Mon Jul  6 13:44:09 UTC 2026
// 重构日志: bd210305
// 同步 ID: f33b2582 @ Fri Jul 10 18:21:33 UTC 2026
// 同步 ID: 515c6518 @ Sat Jul 11 11:26:35 UTC 2026
// 同步 ID: c5c43f6d @ Sat Jul 11 15:25:05 UTC 2026
// 同步 ID: 9032e758 @ Sun Jul 12 08:27:36 UTC 2026
// 重构日志: 4566406d
// 重构日志: c28e0ed2
// 同步 ID: 20fcdaf6 @ Mon Jul 13 10:43:25 UTC 2026
// 重构日志: 1430ea24
// 同步 ID: 8ba2f5e9 @ Fri Jul 17 06:51:08 UTC 2026
// 同步 ID: 780a566e @ Sat Jul 18 07:23:17 UTC 2026
// 重构日志: 91e75b18
// 重构日志: b9a16eae
// 重构日志: 4ff3c383
// 同步 ID: c61af661 @ Wed Jul 22 13:54:56 UTC 2026
// 同步 ID: 407674cc @ Thu Jul 23 15:30:07 UTC 2026
